<?xml version="1.0" encoding="UTF-8"?>
<!-- Generated by org.testng.reporters.JUnitReportReporter -->
<testsuite hostname="NarasimhaDevice" failures="0" tests="10" name="Myshop.TestRunner1" time="82.074" errors="0" timestamp="2025-09-03T22:41:44 IST" skipped="0">
  <testcase classname="Myshop.TestRunner1" name="runScenario" time="6.789"/>
  <testcase classname="Myshop.TestRunner1" name="runScenario" time="12.048"/>
  <testcase classname="Myshop.TestRunner1" name="runScenario" time="4.740"/>
  <testcase classname="Myshop.TestRunner1" name="runScenario" time="5.590"/>
  <testcase classname="Myshop.TestRunner1" name="runScenario" time="6.452"/>
  <testcase classname="Myshop.TestRunner1" name="runScenario" time="19.531"/>
  <testcase classname="Myshop.TestRunner1" name="runScenario" time="3.837"/>
  <testcase classname="Myshop.TestRunner1" name="runScenario" time="10.816"/>
  <testcase classname="Myshop.TestRunner1" name="runScenario" time="6.641"/>
  <testcase classname="Myshop.TestRunner1" name="runScenario" time="5.630"/>
</testsuite> <!-- Myshop.TestRunner1 -->
