<?xml version="1.0" encoding="UTF-8"?>
<!-- Generated by org.testng.reporters.JUnitReportReporter -->
<testsuite hostname="NarasimhaDevice" failures="0" tests="10" name="Open_Cart.TestRunner" time="76.099" errors="0" timestamp="2025-09-06T14:31:29 IST" skipped="0">
  <testcase classname="Open_Cart.TestRunner" name="runScenario" time="6.288"/>
  <testcase classname="Open_Cart.TestRunner" name="runScenario" time="6.282"/>
  <testcase classname="Open_Cart.TestRunner" name="runScenario" time="3.890"/>
  <testcase classname="Open_Cart.TestRunner" name="runScenario" time="15.056"/>
  <testcase classname="Open_Cart.TestRunner" name="runScenario" time="4.584"/>
  <testcase classname="Open_Cart.TestRunner" name="runScenario" time="6.543"/>
  <testcase classname="Open_Cart.TestRunner" name="runScenario" time="11.316"/>
  <testcase classname="Open_Cart.TestRunner" name="runScenario" time="13.726"/>
  <testcase classname="Open_Cart.TestRunner" name="runScenario" time="5.829"/>
  <testcase classname="Open_Cart.TestRunner" name="runScenario" time="2.585"/>
</testsuite> <!-- Open_Cart.TestRunner -->
