<?xml version="1.0" encoding="UTF-8"?>
<!-- Generated by org.testng.reporters.JUnitReportReporter -->
<testsuite hostname="NarasimhaDevice" failures="0" tests="10" name="Open_Cart.TestRunner" time="72.513" errors="0" timestamp="2025-09-06T09:58:01 IST" skipped="0">
  <testcase classname="Open_Cart.TestRunner" name="runScenario" time="22.923"/>
  <testcase classname="Open_Cart.TestRunner" name="runScenario" time="2.814"/>
  <testcase classname="Open_Cart.TestRunner" name="runScenario" time="2.970"/>
  <testcase classname="Open_Cart.TestRunner" name="runScenario" time="7.498"/>
  <testcase classname="Open_Cart.TestRunner" name="runScenario" time="9.273"/>
  <testcase classname="Open_Cart.TestRunner" name="runScenario" time="2.083"/>
  <testcase classname="Open_Cart.TestRunner" name="runScenario" time="5.587"/>
  <testcase classname="Open_Cart.TestRunner" name="runScenario" time="9.378"/>
  <testcase classname="Open_Cart.TestRunner" name="runScenario" time="5.273"/>
  <testcase classname="Open_Cart.TestRunner" name="runScenario" time="4.714"/>
</testsuite> <!-- Open_Cart.TestRunner -->
